**********************
Windows PowerShell transcript start
Start time: 20241114231336
Username: RAHULRAOL1\rahul
RunAs User: RAHULRAOL1\rahul
Configuration Name: 
Machine: RAHULRAOL1 (Microsoft Windows NT 10.0.22631.0)
Host Application: C:\WINDOWS\System32\WindowsPowerShell\v1.0\powershell.exe -noexit -command try { . "c:\Users\rahul\AppData\Local\Programs\Microsoft VS Code\resources\app\out\vs\workbench\contrib\terminal\common\scripts\shellIntegration.ps1" } catch {}
Process ID: 4216
PSVersion: 5.1.22621.4391
PSEdition: Desktop
PSCompatibleVersions: 1.0, 2.0, 3.0, 4.0, 5.0, 5.1.22621.4391
BuildVersion: 10.0.22621.4391
CLRVersion: 4.0.30319.42000
WSManStackVersion: 3.0
PSRemotingProtocolVersion: 2.3
SerializationVersion: 1.1.0.1
**********************
Transcript started, output file is C:\PES\Capstone\code\app\daily_tasks.log
Starting daily tasks at 11/14/2024 23:13:36
Running main.py...
